[INFO ] 2024-07-21 14:53:41.208 [main] NpvSeleniumTest - ************Start now button*************
[INFO ] 2024-07-21 14:53:41.233 [main] NpvSeleniumTest - https://novoprovigilance.com/
[INFO ] 2024-07-21 14:53:41.233 [main] NpvSeleniumTest - URL opened!
[INFO ] 2024-07-21 14:53:41.602 [main] NpvSeleniumTest - Start now button clicked!
[INFO ] 2024-07-21 14:56:06.744 [main] NpvSeleniumTest - ************Start now button*************
[INFO ] 2024-07-21 14:56:06.765 [main] NpvSeleniumTest - https://novoprovigilance.com/
[INFO ] 2024-07-21 14:56:06.766 [main] NpvSeleniumTest - URL opened!
[INFO ] 2024-07-21 14:56:07.029 [main] NpvSeleniumTest - Start now button clicked!
[INFO ] 2024-07-21 20:19:55.993 [main] NpvSeleniumTest - ************Start now button*************
[INFO ] 2024-07-21 20:19:56.012 [main] NpvSeleniumTest - https://novoprovigilance.com/
[INFO ] 2024-07-21 20:19:56.012 [main] NpvSeleniumTest - URL opened!
[INFO ] 2024-07-21 20:19:56.306 [main] NpvSeleniumTest - Start now button clicked!
[INFO ] 2024-07-21 20:23:18.805 [main] NpvSeleniumTest - ************Start now button*************
[INFO ] 2024-07-21 20:23:18.826 [main] NpvSeleniumTest - https://novoprovigilance.com/
[INFO ] 2024-07-21 20:23:18.827 [main] NpvSeleniumTest - URL opened!
[INFO ] 2024-07-21 20:23:19.121 [main] NpvSeleniumTest - Start now button clicked!
[INFO ] 2024-07-21 20:26:04.522 [main] NpvSeleniumTest - ************Start now button*************
[INFO ] 2024-07-21 20:26:04.540 [main] NpvSeleniumTest - https://novoprovigilance.com/
[INFO ] 2024-07-21 20:26:04.541 [main] NpvSeleniumTest - URL opened!
[INFO ] 2024-07-21 20:26:04.788 [main] NpvSeleniumTest - Start now button clicked!
[INFO ] 2024-07-21 21:24:02.407 [main] NpvSeleniumTest - ************Start now button*************
[INFO ] 2024-07-21 21:24:02.437 [main] NpvSeleniumTest - https://novoprovigilance.com/
[INFO ] 2024-07-21 21:24:02.437 [main] NpvSeleniumTest - URL opened!
[INFO ] 2024-07-21 21:24:02.437 [main] NpvSeleniumTest - Start now block
[INFO ] 2024-07-21 21:24:02.777 [main] NpvSeleniumTest - Start now button clicked!
[INFO ] 2024-07-21 21:24:02.778 [main] NpvSeleniumTest - cookie policy block
[INFO ] 2024-07-21 21:28:18.406 [main] NpvSeleniumTest - ************Start now button*************
[INFO ] 2024-07-21 21:28:18.432 [main] NpvSeleniumTest - https://novoprovigilance.com/
[INFO ] 2024-07-21 21:28:18.433 [main] NpvSeleniumTest - URL opened!
[INFO ] 2024-07-21 21:28:18.433 [main] NpvSeleniumTest - Start now block
[INFO ] 2024-07-21 21:28:18.737 [main] NpvSeleniumTest - Start now button clicked!
[INFO ] 2024-07-21 21:28:18.738 [main] NpvSeleniumTest - cookie policy block
[INFO ] 2024-07-21 21:35:32.473 [main] NpvSeleniumTest - ************Start now button*************
[INFO ] 2024-07-21 21:38:16.699 [main] NpvSeleniumTest - ************Start now button*************
[INFO ] 2024-07-21 21:38:16.722 [main] NpvSeleniumTest - https://novoprovigilance.com/
[INFO ] 2024-07-21 21:38:16.722 [main] NpvSeleniumTest - URL opened!
[INFO ] 2024-07-21 21:38:16.723 [main] NpvSeleniumTest - Start now block
[INFO ] 2024-07-21 21:38:17.061 [main] NpvSeleniumTest - Start now button clicked!
[INFO ] 2024-07-21 21:38:17.062 [main] NpvSeleniumTest - cookie policy block
[INFO ] 2024-07-21 21:43:31.415 [main] NpvSeleniumTest - ************Start now button*************
[INFO ] 2024-07-21 21:43:31.446 [main] NpvSeleniumTest - https://novoprovigilance.com/
[INFO ] 2024-07-21 21:43:31.446 [main] NpvSeleniumTest - URL opened!
[INFO ] 2024-07-21 21:43:31.446 [main] NpvSeleniumTest - Start now block
[INFO ] 2024-07-21 21:43:31.660 [main] NpvSeleniumTest - Start now button clicked!
[INFO ] 2024-07-21 21:43:31.661 [main] NpvSeleniumTest - cookie policy block
[INFO ] 2024-07-21 21:49:30.111 [main] NpvSeleniumTest - ************Start now button*************
[INFO ] 2024-07-21 21:49:30.134 [main] NpvSeleniumTest - https://novoprovigilance.com/
[INFO ] 2024-07-21 21:49:30.134 [main] NpvSeleniumTest - URL opened!
[INFO ] 2024-07-21 21:49:30.135 [main] NpvSeleniumTest - Start now block
[INFO ] 2024-07-21 21:49:30.250 [main] NpvSeleniumTest - Start now button clicked!
[INFO ] 2024-07-21 21:49:30.250 [main] NpvSeleniumTest - cookie policy block
[INFO ] 2024-07-21 21:54:25.038 [main] NpvSeleniumTest - ************Start now button*************
[INFO ] 2024-07-21 21:54:25.073 [main] NpvSeleniumTest - https://novoprovigilance.com/
[INFO ] 2024-07-21 21:54:25.074 [main] NpvSeleniumTest - URL opened!
[INFO ] 2024-07-21 21:54:25.074 [main] NpvSeleniumTest - Start now block
[INFO ] 2024-07-21 21:54:25.182 [main] NpvSeleniumTest - Start now button clicked!
[INFO ] 2024-07-21 21:54:25.182 [main] NpvSeleniumTest - cookie policy block
[INFO ] 2024-07-21 21:54:25.382 [main] NpvSeleniumTest - CookiePElement highlighted
[INFO ] 2024-07-21 21:54:25.464 [main] NpvSeleniumTest - CookieAElement highlighted
[INFO ] 2024-07-21 21:54:25.706 [main] NpvSeleniumTest - clicked on Clickon button Element
[INFO ] 2024-07-21 22:06:32.825 [main] NpvSeleniumTest - ************Start now button*************
[INFO ] 2024-07-21 22:06:32.856 [main] NpvSeleniumTest - https://novoprovigilance.com/
[INFO ] 2024-07-21 22:06:32.856 [main] NpvSeleniumTest - URL opened!
[INFO ] 2024-07-21 22:06:32.857 [main] NpvSeleniumTest - Start now block
[INFO ] 2024-07-21 22:06:33.056 [main] NpvSeleniumTest - Start now button clicked!
[INFO ] 2024-07-21 22:06:33.057 [main] NpvSeleniumTest - cookie policy block
[INFO ] 2024-07-21 22:06:33.217 [main] NpvSeleniumTest - CookiePElement highlighted
[INFO ] 2024-07-21 22:06:33.372 [main] NpvSeleniumTest - CookieAElement highlighted
[INFO ] 2024-07-21 22:06:33.670 [main] NpvSeleniumTest - clicked on Clickon button Element
[INFO ] 2024-07-21 22:50:36.524 [main] NpvSeleniumTest - ************Start now button*************
[INFO ] 2024-07-21 22:50:36.544 [main] NpvSeleniumTest - https://novoprovigilance.com/
[INFO ] 2024-07-21 22:50:36.545 [main] NpvSeleniumTest - URL opened!
[INFO ] 2024-07-21 22:50:36.772 [main] NpvSeleniumTest - souuu
[INFO ] 2024-07-22 09:04:11.985 [main] NpvSeleniumTest - ************Start now button*************
[INFO ] 2024-07-22 09:05:54.083 [main] NpvSeleniumTest - ************Start now button*************
[INFO ] 2024-07-22 09:05:54.101 [main] NpvSeleniumTest - https://novoprovigilance.com/
[INFO ] 2024-07-22 09:05:54.101 [main] NpvSeleniumTest - URL opened!
[INFO ] 2024-07-22 09:05:54.165 [main] NpvSeleniumTest - cookie policy block
[INFO ] 2024-07-22 09:13:00.464 [main] NpvSeleniumTest - ************Start now button*************
[INFO ] 2024-07-22 09:13:00.476 [main] NpvSeleniumTest - https://novoprovigilance.com/
[INFO ] 2024-07-22 09:13:00.476 [main] NpvSeleniumTest - URL opened!
[INFO ] 2024-07-22 09:13:00.511 [main] NpvSeleniumTest - cookie policy block
[INFO ] 2024-07-22 09:13:00.511 [main] NpvSeleniumTest - CookiePElement highlighted
[INFO ] 2024-07-22 09:13:00.608 [main] NpvSeleniumTest - CookieAElement highlighted
[INFO ] 2024-07-22 09:13:00.770 [main] NpvSeleniumTest - clicked on Clickon button Element
[INFO ] 2024-07-22 09:13:00.771 [main] NpvSeleniumTest - Start now block
[INFO ] 2024-07-22 09:13:00.780 [main] NpvSeleniumTest - Start now button highlighted!
[INFO ] 2024-07-22 09:13:00.872 [main] NpvSeleniumTest - Start now button clicked!
[INFO ] 2024-07-22 09:20:42.297 [main] NpvSeleniumTest - ************Start now button*************
[INFO ] 2024-07-22 09:20:42.325 [main] NpvSeleniumTest - https://novoprovigilance.com/
[INFO ] 2024-07-22 09:20:42.325 [main] NpvSeleniumTest - URL opened!
[INFO ] 2024-07-22 09:20:42.512 [main] NpvSeleniumTest - souuu
[INFO ] 2024-07-22 09:25:21.848 [main] NpvSeleniumTest - ************Start now button*************
[INFO ] 2024-07-22 09:25:21.874 [main] NpvSeleniumTest - https://novoprovigilance.com/
[INFO ] 2024-07-22 09:25:21.874 [main] NpvSeleniumTest - URL opened!
[INFO ] 2024-07-22 09:25:22.199 [main] NpvSeleniumTest - souuu
[INFO ] 2024-07-22 09:25:22.298 [main] NpvSeleniumTest - yooo
[INFO ] 2024-07-22 10:09:05.614 [main] NpvSeleniumTest - ************Start now button*************
[INFO ] 2024-07-22 10:09:05.644 [main] NpvSeleniumTest - https://novoprovigilance.com/
[INFO ] 2024-07-22 10:09:05.644 [main] NpvSeleniumTest - URL opened!
[INFO ] 2024-07-22 10:09:05.906 [main] NpvSeleniumTest - clicked on start now button
[INFO ] 2024-07-22 10:09:06.009 [main] NpvSeleniumTest - header highlighted
[INFO ] 2024-07-22 10:09:06.054 [main] NpvSeleniumTest - npvStartLink highlighted
[INFO ] 2024-07-22 10:09:06.087 [main] NpvSeleniumTest - aboutUs highlighted
[INFO ] 2024-07-22 10:09:06.123 [main] NpvSeleniumTest - homeLink highlighted
[INFO ] 2024-07-22 10:19:38.581 [main] NpvSeleniumTest - ************Start now button*************
[INFO ] 2024-07-22 10:19:38.618 [main] NpvSeleniumTest - https://novoprovigilance.com/
[INFO ] 2024-07-22 10:19:38.619 [main] NpvSeleniumTest - URL opened!
[INFO ] 2024-07-22 10:19:39.189 [main] NpvSeleniumTest - clicked on start now button
[INFO ] 2024-07-22 10:19:39.393 [main] NpvSeleniumTest - header highlighted
[INFO ] 2024-07-22 10:19:39.440 [main] NpvSeleniumTest - npvStartLink highlighted
[INFO ] 2024-07-22 10:26:19.772 [main] NpvSeleniumTest - ************Start now button*************
[INFO ] 2024-07-22 10:26:19.811 [main] NpvSeleniumTest - https://novoprovigilance.com/
[INFO ] 2024-07-22 10:26:19.811 [main] NpvSeleniumTest - URL opened!
[INFO ] 2024-07-22 10:26:20.204 [main] NpvSeleniumTest - clicked on start now button
[INFO ] 2024-07-22 10:26:20.386 [main] NpvSeleniumTest - header highlighted
[INFO ] 2024-07-22 10:26:20.557 [main] NpvSeleniumTest - npvStartLink highlighted
[INFO ] 2024-07-22 13:05:56.996 [main] NpvSeleniumTest - ************Start now button*************
[INFO ] 2024-07-22 13:05:57.025 [main] NpvSeleniumTest - https://novoprovigilance.com/
[INFO ] 2024-07-22 13:05:57.025 [main] NpvSeleniumTest - URL opened!
[INFO ] 2024-07-22 13:05:57.271 [main] NpvSeleniumTest - clicked on start now button
[INFO ] 2024-07-22 13:05:57.423 [main] NpvSeleniumTest - header highlighted
[INFO ] 2024-07-22 13:05:57.462 [main] NpvSeleniumTest - npvStartLink highlighted
[INFO ] 2024-07-22 13:05:57.512 [main] NpvSeleniumTest - homeLink highlighted
[INFO ] 2024-07-22 13:05:57.552 [main] NpvSeleniumTest - about us section is visible
[INFO ] 2024-07-22 13:09:47.313 [main] NpvSeleniumTest - ************Start now button*************
[INFO ] 2024-07-22 13:09:47.333 [main] NpvSeleniumTest - https://novoprovigilance.com/
[INFO ] 2024-07-22 13:09:47.333 [main] NpvSeleniumTest - URL opened!
[INFO ] 2024-07-22 13:09:47.514 [main] NpvSeleniumTest - clicked on start now button
[INFO ] 2024-07-22 13:09:47.600 [main] NpvSeleniumTest - header highlighted
[INFO ] 2024-07-22 13:09:47.634 [main] NpvSeleniumTest - npvStartLink highlighted
[INFO ] 2024-07-22 13:09:47.665 [main] NpvSeleniumTest - homeLink highlighted
[INFO ] 2024-07-22 13:09:47.689 [main] NpvSeleniumTest - about us section is visible
[INFO ] 2024-07-22 13:10:24.744 [main] NpvSeleniumTest - ************Start now button*************
[INFO ] 2024-07-22 13:10:24.757 [main] NpvSeleniumTest - https://novoprovigilance.com/
[INFO ] 2024-07-22 13:10:24.758 [main] NpvSeleniumTest - URL opened!
[INFO ] 2024-07-22 13:10:24.898 [main] NpvSeleniumTest - clicked on start now button
[INFO ] 2024-07-22 13:10:24.957 [main] NpvSeleniumTest - header highlighted
[INFO ] 2024-07-22 13:10:24.996 [main] NpvSeleniumTest - npvStartLink highlighted
[INFO ] 2024-07-22 13:10:25.031 [main] NpvSeleniumTest - homeLink highlighted
[INFO ] 2024-07-22 13:10:25.069 [main] NpvSeleniumTest - about us section is visible
[INFO ] 2024-07-22 13:10:25.620 [main] NpvSeleniumTest - "careers nav element : " + careersLink.getText()
[INFO ] 2024-07-22 13:14:38.920 [main] NpvSeleniumTest - ************Start now button*************
[INFO ] 2024-07-22 13:14:38.938 [main] NpvSeleniumTest - https://novoprovigilance.com/
[INFO ] 2024-07-22 13:14:38.939 [main] NpvSeleniumTest - URL opened!
[INFO ] 2024-07-22 13:14:39.113 [main] NpvSeleniumTest - clicked on start now button
[INFO ] 2024-07-22 13:14:39.165 [main] NpvSeleniumTest - header highlighted
[INFO ] 2024-07-22 13:14:39.200 [main] NpvSeleniumTest - npvStartLink highlighted
[INFO ] 2024-07-22 13:14:39.236 [main] NpvSeleniumTest - homeLink highlighted
[INFO ] 2024-07-22 13:14:39.272 [main] NpvSeleniumTest - about us section is visible
[INFO ] 2024-07-22 13:22:21.940 [main] NpvSeleniumTest - ************Start now button*************
[INFO ] 2024-07-22 13:42:47.553 [main] NpvSeleniumTest - ************Start now button*************
[INFO ] 2024-07-22 13:42:47.566 [main] NpvSeleniumTest - https://novoprovigilance.com/
[INFO ] 2024-07-22 13:42:47.566 [main] NpvSeleniumTest - URL opened!
[INFO ] 2024-07-22 13:42:47.729 [main] NpvSeleniumTest - clicked on start now button
[INFO ] 2024-07-22 13:47:54.811 [main] NpvSeleniumTest - ************Start now button*************
[INFO ] 2024-07-22 13:47:54.826 [main] NpvSeleniumTest - https://novoprovigilance.com/
[INFO ] 2024-07-22 13:47:54.826 [main] NpvSeleniumTest - URL opened!
[INFO ] 2024-07-22 13:47:54.977 [main] NpvSeleniumTest - clicked on start now button
[INFO ] 2024-07-22 13:47:55.060 [main] NpvSeleniumTest - header highlighted
[INFO ] 2024-07-22 13:47:55.091 [main] NpvSeleniumTest - npvStartLink highlighted
[INFO ] 2024-07-22 13:47:55.113 [main] NpvSeleniumTest - homeLink highlighted
[INFO ] 2024-07-22 13:47:55.144 [main] NpvSeleniumTest - about us section is visible
[INFO ] 2024-07-22 13:47:55.707 [main] NpvSeleniumTest -  careersLink
[INFO ] 2024-07-22 13:48:53.625 [main] NpvSeleniumTest - ************Start now button*************
[INFO ] 2024-07-22 13:48:53.639 [main] NpvSeleniumTest - https://novoprovigilance.com/
[INFO ] 2024-07-22 13:48:53.639 [main] NpvSeleniumTest - URL opened!
[INFO ] 2024-07-22 13:48:53.790 [main] NpvSeleniumTest - clicked on start now button
[INFO ] 2024-07-22 13:48:53.842 [main] NpvSeleniumTest - header highlighted
[INFO ] 2024-07-22 13:48:53.876 [main] NpvSeleniumTest - npvStartLink highlighted
[INFO ] 2024-07-22 13:48:53.906 [main] NpvSeleniumTest - homeLink highlighted
[INFO ] 2024-07-22 13:48:53.935 [main] NpvSeleniumTest - about us section is visible
[INFO ] 2024-07-22 13:48:54.514 [main] NpvSeleniumTest -  careersLink
[INFO ] 2024-07-22 13:48:54.536 [main] NpvSeleniumTest -  careersHeading
[INFO ] 2024-07-22 13:48:54.583 [main] NpvSeleniumTest -  subHeading
[INFO ] 2024-07-22 14:22:00.461 [main] NpvSeleniumTest - ************Start now button*************
[INFO ] 2024-07-22 14:24:53.401 [main] NpvSeleniumTest - ************Start now button*************
[INFO ] 2024-07-22 14:24:53.415 [main] NpvSeleniumTest - https://novoprovigilance.com/
[INFO ] 2024-07-22 14:24:53.416 [main] NpvSeleniumTest - URL opened!
[INFO ] 2024-07-22 14:24:53.597 [main] NpvSeleniumTest - clicked on start now button
[INFO ] 2024-07-22 14:24:53.663 [main] NpvSeleniumTest - header highlighted
[INFO ] 2024-07-22 14:24:53.695 [main] NpvSeleniumTest - npvStartLink highlighted
[INFO ] 2024-07-22 14:24:53.729 [main] NpvSeleniumTest - homeLink highlighted
[INFO ] 2024-07-22 14:24:53.766 [main] NpvSeleniumTest - about us section is visible
[INFO ] 2024-07-22 14:30:27.365 [main] NpvSeleniumTest - ************Start now button*************
[INFO ] 2024-07-22 14:30:27.431 [main] NpvSeleniumTest - https://novoprovigilance.com/
[INFO ] 2024-07-22 14:30:27.431 [main] NpvSeleniumTest - URL opened!
[INFO ] 2024-07-22 14:30:27.631 [main] NpvSeleniumTest - clicked on start now button
[INFO ] 2024-07-22 14:30:27.712 [main] NpvSeleniumTest - header highlighted
[INFO ] 2024-07-22 14:30:27.752 [main] NpvSeleniumTest - npvStartLink highlighted
[INFO ] 2024-07-22 14:30:27.797 [main] NpvSeleniumTest - homeLink highlighted
[INFO ] 2024-07-22 14:30:27.845 [main] NpvSeleniumTest - about us section is visible
[INFO ] 2024-07-22 14:30:28.651 [main] NpvSeleniumTest -  careersLink
[INFO ] 2024-07-22 14:30:28.698 [main] NpvSeleniumTest -  careersHeading
[INFO ] 2024-07-22 14:30:28.780 [main] NpvSeleniumTest -  careerssubHeading
[INFO ] 2024-07-22 14:30:31.878 [main] NpvSeleniumTest -  contactLink
[INFO ] 2024-07-22 14:30:31.951 [main] NpvSeleniumTest -  contactUsHeading
[INFO ] 2024-07-22 14:30:32.024 [main] NpvSeleniumTest -  contactUssubHeading
[INFO ] 2024-07-22 14:30:32.078 [main] NpvSeleniumTest -  conatctFormBlock
[INFO ] 2024-07-22 14:30:32.126 [main] NpvSeleniumTest -  addressBlock
[INFO ] 2024-07-22 14:30:32.187 [main] NpvSeleniumTest -  address
[INFO ] 2024-07-22 14:30:32.251 [main] NpvSeleniumTest -  phone
[INFO ] 2024-07-22 14:30:32.315 [main] NpvSeleniumTest -  emailAddress
[INFO ] 2024-07-22 16:09:07.285 [main] NpvSeleniumTest - ************Start now button*************
[INFO ] 2024-07-22 16:09:07.309 [main] NpvSeleniumTest - https://novoprovigilance.com/
[INFO ] 2024-07-22 16:09:07.309 [main] NpvSeleniumTest - URL opened!
[INFO ] 2024-07-22 16:09:07.545 [main] NpvSeleniumTest - clicked on start now button
[INFO ] 2024-07-22 16:11:44.858 [main] NpvSeleniumTest - ************Start now button*************
[INFO ] 2024-07-22 16:11:44.881 [main] NpvSeleniumTest - https://novoprovigilance.com/
[INFO ] 2024-07-22 16:11:44.881 [main] NpvSeleniumTest - URL opened!
[INFO ] 2024-07-22 16:11:45.109 [main] NpvSeleniumTest - clicked on start now button
[INFO ] 2024-07-22 16:16:25.972 [main] NpvSeleniumTest - ************Start now button*************
[INFO ] 2024-07-22 16:16:25.996 [main] NpvSeleniumTest - https://novoprovigilance.com/
[INFO ] 2024-07-22 16:16:25.997 [main] NpvSeleniumTest - URL opened!
[INFO ] 2024-07-22 16:16:26.202 [main] NpvSeleniumTest - clicked on start now button
[INFO ] 2024-07-22 16:16:26.297 [main] NpvSeleniumTest - header highlighted
[INFO ] 2024-07-22 16:16:26.336 [main] NpvSeleniumTest - npvStartLink highlighted
[INFO ] 2024-07-22 16:16:26.369 [main] NpvSeleniumTest - homeLink highlighted
[INFO ] 2024-07-22 16:16:26.414 [main] NpvSeleniumTest - about us section is visible
[INFO ] 2024-07-22 16:16:26.859 [main] NpvSeleniumTest - about us section is visibility
[INFO ] 2024-07-22 16:16:26.994 [main] NpvSeleniumTest - about us section Dropdown is visibility
[INFO ] 2024-07-22 16:16:27.378 [main] NpvSeleniumTest - products section is visibility
[INFO ] 2024-07-22 16:16:27.707 [main] NpvSeleniumTest - products section Dropdown is visibility
[INFO ] 2024-07-22 16:16:27.832 [main] NpvSeleniumTest - products section danElement is visibility
[INFO ] 2024-07-22 16:29:02.939 [main] NpvSeleniumTest - ************Start now button*************
[INFO ] 2024-07-22 16:29:02.960 [main] NpvSeleniumTest - https://novoprovigilance.com/
[INFO ] 2024-07-22 16:29:02.960 [main] NpvSeleniumTest - URL opened!
[INFO ] 2024-07-22 16:29:03.192 [main] NpvSeleniumTest - clicked on start now button
[INFO ] 2024-07-22 16:29:03.283 [main] NpvSeleniumTest - header highlighted
[INFO ] 2024-07-22 16:29:03.314 [main] NpvSeleniumTest - npvStartLink highlighted
[INFO ] 2024-07-22 16:29:03.359 [main] NpvSeleniumTest - homeLink highlighted
[INFO ] 2024-07-22 16:29:03.823 [main] NpvSeleniumTest - about us section is visibility
[INFO ] 2024-07-22 16:29:03.963 [main] NpvSeleniumTest - about us section Dropdown is visibility
[INFO ] 2024-07-22 16:29:04.387 [main] NpvSeleniumTest - products section is visibility
[INFO ] 2024-07-22 16:29:04.731 [main] NpvSeleniumTest - products section Dropdown is visibility
[INFO ] 2024-07-22 16:29:04.862 [main] NpvSeleniumTest - products section danElement is visibility
[INFO ] 2024-07-22 16:30:26.027 [main] NpvSeleniumTest - ************Start now button*************
[INFO ] 2024-07-22 16:30:26.048 [main] NpvSeleniumTest - https://novoprovigilance.com/
[INFO ] 2024-07-22 16:30:26.048 [main] NpvSeleniumTest - URL opened!
[INFO ] 2024-07-22 16:30:26.259 [main] NpvSeleniumTest - clicked on start now button
[INFO ] 2024-07-22 16:30:26.366 [main] NpvSeleniumTest - header highlighted
[INFO ] 2024-07-22 16:30:26.425 [main] NpvSeleniumTest - npvStartLink highlighted
[INFO ] 2024-07-22 16:30:26.466 [main] NpvSeleniumTest - homeLink highlighted
[INFO ] 2024-07-22 16:30:26.919 [main] NpvSeleniumTest - about us section is visibility
[INFO ] 2024-07-22 16:30:27.057 [main] NpvSeleniumTest - about us section Dropdown is visibility
[INFO ] 2024-07-22 16:30:27.485 [main] NpvSeleniumTest - products section is visibility
[INFO ] 2024-07-22 16:30:27.826 [main] NpvSeleniumTest - products section Dropdown is visibility
[INFO ] 2024-07-22 16:30:27.937 [main] NpvSeleniumTest - products section danElement is visibility
[INFO ] 2024-07-22 16:30:28.356 [main] NpvSeleniumTest - services section is visibility
[INFO ] 2024-07-22 16:30:28.544 [main] NpvSeleniumTest - services section Dropdown is visibility
[INFO ] 2024-07-22 16:30:28.693 [main] NpvSeleniumTest - services section cpElement is visibility
[INFO ] 2024-07-22 16:30:28.842 [main] NpvSeleniumTest - services section miccElement is visibility
[INFO ] 2024-07-22 16:30:28.953 [main] NpvSeleniumTest - services section bigDataElement is visibility
[INFO ] 2024-07-22 16:30:29.057 [main] NpvSeleniumTest - services section lmElement is visibility
[INFO ] 2024-07-22 16:30:29.153 [main] NpvSeleniumTest - services section sdrmElement is visibility
[INFO ] 2024-07-22 16:30:29.237 [main] NpvSeleniumTest - services section arElement is visibility
[INFO ] 2024-07-22 16:30:29.313 [main] NpvSeleniumTest - services section cpElement is visibility
[INFO ] 2024-07-22 16:30:29.385 [main] NpvSeleniumTest - services section cpElement is visibility
[INFO ] 2024-07-22 16:30:30.033 [main] NpvSeleniumTest -  careersLink
[INFO ] 2024-07-22 16:30:30.067 [main] NpvSeleniumTest -  careersHeading
[INFO ] 2024-07-22 16:30:30.144 [main] NpvSeleniumTest -  careerssubHeading
[INFO ] 2024-07-22 16:30:32.884 [main] NpvSeleniumTest -  contactLink
[INFO ] 2024-07-22 16:30:32.933 [main] NpvSeleniumTest -  contactUsHeading
[INFO ] 2024-07-22 16:30:32.992 [main] NpvSeleniumTest -  contactUssubHeading
[INFO ] 2024-07-22 16:30:33.028 [main] NpvSeleniumTest -  conatctFormBlock
[INFO ] 2024-07-22 16:30:33.060 [main] NpvSeleniumTest -  addressBlock
[INFO ] 2024-07-22 16:30:33.108 [main] NpvSeleniumTest -  address
[INFO ] 2024-07-22 16:30:33.161 [main] NpvSeleniumTest -  phone
[INFO ] 2024-07-22 16:30:33.210 [main] NpvSeleniumTest -  emailAddress
